<?xml version="1.0" encoding="utf-8"?><testsuites name="pytest tests"><testsuite name="pytest" errors="0" failures="0" skipped="0" tests="20" time="35.370" timestamp="2026-05-18T20:05:51.122211+00:00" hostname="agent-env-4daa4217-6063-4757-a945-fb2198a3f783"><testcase classname="backend.tests.test_tenant_stripe.TestFreshData" name="test_clients_empty" time="0.599" /><testcase classname="backend.tests.test_tenant_stripe.TestFreshData" name="test_projects_empty" time="0.128" /><testcase classname="backend.tests.test_tenant_stripe.TestFreshData" name="test_invoices_empty" time="0.133" /><testcase classname="backend.tests.test_tenant_stripe.TestFreshData" name="test_dashboard_zeroed" time="0.125" /><testcase classname="backend.tests.test_tenant_stripe.TestTenantStamping" name="test_create_client_stamps_default" time="0.129" /><testcase classname="backend.tests.test_tenant_stripe.TestTenantStamping" name="test_create_project_stamps_default" time="0.116" /><testcase classname="backend.tests.test_tenant_stripe.TestTenantStamping" name="test_start_timer_stamps_default" time="0.260" /><testcase classname="backend.tests.test_tenant_stripe.TestTenantStamping" name="test_create_rate_card_stamps_default" time="0.144" /><testcase classname="backend.tests.test_tenant_stripe.TestTenantStamping" name="test_generate_contract_stamps_default" time="0.145" /><testcase classname="backend.tests.test_tenant_stripe.TestTenantIsolation" name="test_foreign_client_hidden" time="0.193" /><testcase classname="backend.tests.test_tenant_stripe.TestTenantIsolation" name="test_foreign_project_hidden" time="0.119" /><testcase classname="backend.tests.test_tenant_stripe.TestTenantIsolation" name="test_foreign_invoice_hidden" time="0.128" /><testcase classname="backend.tests.test_tenant_stripe.TestTenantIsolation" name="test_foreign_audit_hidden" time="0.114" /><testcase classname="backend.tests.test_tenant_stripe.TestTenantIsolation" name="test_foreign_agent_run_hidden" time="0.116" /><testcase classname="backend.tests.test_tenant_stripe.TestBackfillTolerance" name="test_legacy_client_visible" time="0.134" /><testcase classname="backend.tests.test_tenant_stripe.TestStripeCheckout" name="test_invoice_checkout_creates_session_and_tx" time="1.091" /><testcase classname="backend.tests.test_tenant_stripe.TestSettlement" name="test_settle_payment_marks_invoice_paid" time="0.279" /><testcase classname="backend.tests.test_tenant_stripe.TestStripeWebhook" name="test_webhook_bad_signature_returns_400" time="1.411" /><testcase classname="backend.tests.test_tenant_stripe.TestPaymentsStatus" name="test_payments_status_returns_invoice_id" time="0.400" /><testcase classname="backend.tests.test_tenant_stripe.TestAgentWorkflowTenant" name="test_workflow_demo_stamps_runs" time="29.453" /></testsuite></testsuites>