<?xml version="1.0" encoding="utf-8"?><testsuites name="pytest tests"><testsuite name="pytest" errors="0" failures="0" skipped="0" tests="19" time="11.807" timestamp="2026-05-18T20:04:57.999599+00:00" hostname="agent-env-4daa4217-6063-4757-a945-fb2198a3f783"><testcase classname="backend.tests.test_tenants_v2.TestAuthPasswordRotation" name="test_login_with_new_password_succeeds" time="0.495" /><testcase classname="backend.tests.test_tenants_v2.TestAuthPasswordRotation" name="test_login_with_old_password_fails" time="4.865" /><testcase classname="backend.tests.test_tenants_v2.TestTenantList" name="test_default_tenant_present" time="0.562" /><testcase classname="backend.tests.test_tenants_v2.TestTenantCreate" name="test_create_tenant_auto_slug" time="0.271" /><testcase classname="backend.tests.test_tenants_v2.TestTenantCreate" name="test_create_tenant_duplicate_slug_rejected" time="0.166" /><testcase classname="backend.tests.test_tenants_v2.TestTenantCreate" name="test_create_tenant_requires_admin" time="0.827" /><testcase classname="backend.tests.test_tenants_v2.TestTenantUpdate" name="test_patch_tenant_name_and_status" time="0.239" /><testcase classname="backend.tests.test_tenants_v2.TestTenantUpdate" name="test_patch_unknown_tenant_404" time="0.114" /><testcase classname="backend.tests.test_tenants_v2.TestTenantUpdate" name="test_patch_requires_admin" time="0.198" /><testcase classname="backend.tests.test_tenants_v2.TestTenantSwitchIsolation" name="test_switch_creates_isolation" time="0.763" /><testcase classname="backend.tests.test_tenants_v2.TestTenantSwitchIsolation" name="test_switch_to_unknown_tenant_404" time="0.113" /><testcase classname="backend.tests.test_tenants_v2.TestTenantSwitchIsolation" name="test_switch_requires_admin" time="0.144" /><testcase classname="backend.tests.test_tenants_v2.TestStripeWebhookErrors" name="test_no_signature_header_400" time="0.119" /><testcase classname="backend.tests.test_tenants_v2.TestStripeWebhookErrors" name="test_invalid_signature_400" time="0.144" /><testcase classname="backend.tests.test_tenants_v2.TestStripeWebhookErrors" name="test_bad_payload_400" time="0.136" /><testcase classname="backend.tests.test_tenants_v2.TestReseedCLI" name="test_wipe_only_clears_tenant_collections" time="0.664" /><testcase classname="backend.tests.test_tenants_v2.TestReseedCLI" name="test_seed_creates_demo_data" time="0.660" /><testcase classname="backend.tests.test_tenants_v2.TestReseedCLI" name="test_seed_idempotent_skips" time="0.663" /><testcase classname="backend.tests.test_tenants_v2.TestReseedCLI" name="test_admin_login_still_works_after_reseed" time="0.368" /></testsuite></testsuites>