<?xml version="1.0" encoding="utf-8"?><testsuites name="pytest tests"><testsuite name="pytest" errors="0" failures="0" skipped="0" tests="20" time="23.294" timestamp="2026-05-18T01:03:37.295246+00:00" hostname="agent-env-4daa4217-6063-4757-a945-fb2198a3f783"><testcase classname="tests.test_tenant_stripe.TestFreshData" name="test_clients_empty" time="0.507" /><testcase classname="tests.test_tenant_stripe.TestFreshData" name="test_projects_empty" time="0.119" /><testcase classname="tests.test_tenant_stripe.TestFreshData" name="test_invoices_empty" time="0.115" /><testcase classname="tests.test_tenant_stripe.TestFreshData" name="test_dashboard_zeroed" time="0.118" /><testcase classname="tests.test_tenant_stripe.TestTenantStamping" name="test_create_client_stamps_default" time="0.137" /><testcase classname="tests.test_tenant_stripe.TestTenantStamping" name="test_create_project_stamps_default" time="0.105" /><testcase classname="tests.test_tenant_stripe.TestTenantStamping" name="test_start_timer_stamps_default" time="0.231" /><testcase classname="tests.test_tenant_stripe.TestTenantStamping" name="test_create_rate_card_stamps_default" time="0.108" /><testcase classname="tests.test_tenant_stripe.TestTenantStamping" name="test_generate_contract_stamps_default" time="0.112" /><testcase classname="tests.test_tenant_stripe.TestTenantIsolation" name="test_foreign_client_hidden" time="0.125" /><testcase classname="tests.test_tenant_stripe.TestTenantIsolation" name="test_foreign_project_hidden" time="0.107" /><testcase classname="tests.test_tenant_stripe.TestTenantIsolation" name="test_foreign_invoice_hidden" time="0.103" /><testcase classname="tests.test_tenant_stripe.TestTenantIsolation" name="test_foreign_audit_hidden" time="0.112" /><testcase classname="tests.test_tenant_stripe.TestTenantIsolation" name="test_foreign_agent_run_hidden" time="0.108" /><testcase classname="tests.test_tenant_stripe.TestBackfillTolerance" name="test_legacy_client_visible" time="0.106" /><testcase classname="tests.test_tenant_stripe.TestStripeCheckout" name="test_invoice_checkout_creates_session_and_tx" time="0.721" /><testcase classname="tests.test_tenant_stripe.TestSettlement" name="test_settle_payment_marks_invoice_paid" time="0.268" /><testcase classname="tests.test_tenant_stripe.TestStripeWebhook" name="test_webhook_bad_signature_returns_400" time="0.131" /><testcase classname="tests.test_tenant_stripe.TestPaymentsStatus" name="test_payments_status_returns_invoice_id" time="0.286" /><testcase classname="tests.test_tenant_stripe.TestAgentWorkflowTenant" name="test_workflow_demo_stamps_runs" time="19.519" /></testsuite></testsuites>